\BOOKMARK [0][-]{chapter.1}{\376\377\000N\000a\000m\000e\000s\000p\000a\000c\000e\000\040\000I\000n\000d\000e\000x}{}
\BOOKMARK [1][-]{section.1.1}{\376\377\000N\000a\000m\000e\000s\000p\000a\000c\000e\000\040\000L\000i\000s\000t}{chapter.1}
\BOOKMARK [0][-]{chapter.2}{\376\377\000F\000i\000l\000e\000\040\000I\000n\000d\000e\000x}{}
\BOOKMARK [1][-]{section.2.1}{\376\377\000F\000i\000l\000e\000\040\000L\000i\000s\000t}{chapter.2}
\BOOKMARK [0][-]{chapter.3}{\376\377\000N\000a\000m\000e\000s\000p\000a\000c\000e\000\040\000D\000o\000c\000u\000m\000e\000n\000t\000a\000t\000i\000o\000n}{}
\BOOKMARK [1][-]{section.3.1}{\376\377\000g\000d\000b\000\137\000u\000t\000i\000l\000s\000\040\000N\000a\000m\000e\000s\000p\000a\000c\000e\000\040\000R\000e\000f\000e\000r\000e\000n\000c\000e}{chapter.3}
\BOOKMARK [2][-]{subsection.3.1.1}{\376\377\000D\000e\000t\000a\000i\000l\000e\000d\000\040\000D\000e\000s\000c\000r\000i\000p\000t\000i\000o\000n}{section.3.1}
\BOOKMARK [2][-]{subsection.3.1.2}{\376\377\000F\000u\000n\000c\000t\000i\000o\000n\000\040\000D\000o\000c\000u\000m\000e\000n\000t\000a\000t\000i\000o\000n}{section.3.1}
\BOOKMARK [3][-]{subsubsection.3.1.2.1}{\376\377\000a\000s\000s\000e\000m\000b\000l\000e\000\137\000i\000n\000s\000t\000r\000u\000c\000t\000i\000o\000n\000s}{subsection.3.1.2}
\BOOKMARK [3][-]{subsubsection.3.1.2.2}{\376\377\000d\000i\000s\000a\000s\000s\000e\000m\000b\000l\000e\000\137\000c\000o\000u\000n\000t}{subsection.3.1.2}
\BOOKMARK [3][-]{subsubsection.3.1.2.3}{\376\377\000d\000i\000s\000a\000s\000s\000e\000m\000b\000l\000e\000\137\000c\000u\000r\000r\000e\000n\000t\000\137\000i\000n\000s\000t\000r\000u\000c\000t\000i\000o\000n}{subsection.3.1.2}
\BOOKMARK [3][-]{subsubsection.3.1.2.4}{\376\377\000d\000i\000s\000a\000s\000s\000e\000m\000b\000l\000e\000\137\000c\000u\000r\000r\000e\000n\000t\000\137\000i\000n\000s\000t\000r\000u\000c\000t\000i\000o\000n\000s}{subsection.3.1.2}
\BOOKMARK [3][-]{subsubsection.3.1.2.5}{\376\377\000d\000i\000s\000a\000s\000s\000e\000m\000b\000l\000e\000\137\000f\000u\000n\000c\000t\000i\000o\000n}{subsection.3.1.2}
\BOOKMARK [3][-]{subsubsection.3.1.2.6}{\376\377\000d\000i\000s\000a\000s\000s\000e\000m\000b\000l\000e\000\137\000r\000a\000n\000g\000e}{subsection.3.1.2}
\BOOKMARK [3][-]{subsubsection.3.1.2.7}{\376\377\000e\000x\000e\000c\000u\000t\000e\000\137\000e\000x\000t\000e\000r\000n\000a\000l}{subsection.3.1.2}
\BOOKMARK [3][-]{subsubsection.3.1.2.8}{\376\377\000e\000x\000e\000c\000u\000t\000e\000\137\000e\000x\000t\000e\000r\000n\000a\000l\000\137\000o\000u\000t\000p\000u\000t}{subsection.3.1.2}
\BOOKMARK [3][-]{subsubsection.3.1.2.9}{\376\377\000e\000x\000e\000c\000u\000t\000e\000\137\000o\000u\000t\000p\000u\000t}{subsection.3.1.2}
\BOOKMARK [3][-]{subsubsection.3.1.2.10}{\376\377\000n\000o\000r\000m\000a\000l\000i\000z\000e\000d\000\137\000a\000r\000g\000v}{subsection.3.1.2}
\BOOKMARK [3][-]{subsubsection.3.1.2.11}{\376\377\000p\000a\000r\000s\000e\000\137\000d\000i\000s\000a\000s\000s\000e\000m\000b\000l\000e\000d\000\137\000o\000u\000t\000p\000u\000t}{subsection.3.1.2}
\BOOKMARK [3][-]{subsubsection.3.1.2.12}{\376\377\000p\000r\000o\000c\000e\000s\000s\000\137\000m\000a\000p\000p\000i\000n\000g\000s}{subsection.3.1.2}
\BOOKMARK [3][-]{subsubsection.3.1.2.13}{\376\377\000r\000e\000a\000d\000\137\000s\000t\000r\000i\000n\000g}{subsection.3.1.2}
\BOOKMARK [3][-]{subsubsection.3.1.2.14}{\376\377\000s\000e\000a\000r\000c\000h\000\137\000f\000u\000n\000c\000t\000i\000o\000n\000s}{subsection.3.1.2}
\BOOKMARK [3][-]{subsubsection.3.1.2.15}{\376\377\000s\000e\000a\000r\000c\000h\000\137\000p\000r\000o\000c\000e\000s\000s\000e\000s}{subsection.3.1.2}
\BOOKMARK [0][-]{chapter.4}{\376\377\000F\000i\000l\000e\000\040\000D\000o\000c\000u\000m\000e\000n\000t\000a\000t\000i\000o\000n}{}
\BOOKMARK [1][-]{section.4.1}{\376\377\000g\000d\000b\000\137\000u\000t\000i\000l\000s\000.\000p\000y\000\040\000F\000i\000l\000e\000\040\000R\000e\000f\000e\000r\000e\000n\000c\000e}{chapter.4}
